MPASM 03.80 Released                             CWBINASC.ASM   2-11-2005  15:17:56         PAGE  1


LOC  OBJECT CODE     LINE SOURCE TEXT
  VALUE

                      00001                 title           "CW Decoding Program - binary to ASCII conversion"
                      00002                 subtitle        "CWbinasc.asm $Revision: 1.2 $ $Date: 2005-02-03 09:06:54-05 $"
                      00003 ;       Binary to ASCII conversion
                      00004                 include         p16f628.inc
                      00001         LIST
                      00002 ; P16F628.INC  Standard Header File, Version 1.01    Microchip Technology, Inc.
                      00261         LIST
                      00005 
                      00006 ;       Provided by this component
  0000                00007                 global          convert
  0000                00008                 global          w_conv
                      00009 ;       External storage
  0000                00010                 extern          w_num1,w_num2,w_num3,w_num4,w_count
                      00011 
                      00012                 udata
0000                  00013 w_conv  res             1                               ; subroutines work areas  
                      00014 
                      00015                 code
                      00016 ;       Conversion routine from hex (1 byte) to ascii (3 bytes)
                      00017 ;
                      00018 ;       input :         - hex value in w_num4
                      00019 ;
                      00020 ;       output :        - ascii value on 3 bytes starting from w_num1  
                      00021 ;       
0000                  00022 convert
0000   08??           00023         movf     w_num4,W 
0001   00??           00024         movwf    w_conv         ; move hex byte to working area
0002   01??           00025         clrf     w_count        ; clear digit counter   
0003   3064           00026         movlw    d'100'         ; set hundred in W
0004                  00027 conve01
0004   02??           00028         subwf    w_conv,F       ; subtract 100 from w_conv
0005   1803           00029         btfsc    STATUS,C       ; if negative
0006   2???           00030         goto     conve02        ; restore last total
0007   07??           00031         addwf    w_conv,F       ; and exit
0008   2???           00032         goto     conve10        ; otherwise ( >=0 )     
0009                  00033 conve02                         ; increment hundred counter
0009   0A??           00034         incf     w_count,F      ; and loop
000A   2???           00035         goto     conve01        
                      00036 
000B                  00037 conve10
000B   08??           00038         movf     w_count,W      ; 
000C   3830           00039         iorlw    h'30'          ; set numeric half digit 
000D   00??           00040         movwf    w_num1         ; move ascii character to first output byte 
000E   300A           00041         movlw    d'10'          ; set ten in W
000F   01??           00042         clrf     w_count        ; clear digit counter   
0010                  00043 conve11
0010   02??           00044         subwf    w_conv,F       ; subtract 10 from w_conv
0011   1803           00045         btfsc    STATUS,C       ; if negative
0012   2???           00046         goto     conve12        ; restore last total
0013   07??           00047         addwf    w_conv,F       ; and exit
0014   2???           00048         goto     conve20        ; otherwise     
0015                  00049 conve12                         ; increment ten counter
0015   0A??           00050         incf     w_count,F      ; and loop
MPASM 03.80 Released                             CWBINASC.ASM   2-11-2005  15:17:56         PAGE  2
CW Decoding Program - binary to ASCII conversion
CWbinasc.asm $Revision: 1.2 $ $Date: 2005-02-03 09:06:54-05 $
LOC  OBJECT CODE     LINE SOURCE TEXT
  VALUE

0016   2???           00051         goto     conve11        
                      00052 
0017                  00053 conve20 
0017   08??           00054         movf     w_count,W      ; 
0018   3830           00055         iorlw    h'30'          ; set numeric half digit
0019   00??           00056         movwf    w_num2         ; move ascii character to second output byte
001A   08??           00057         movf     w_conv,W       ; 
001B   3830           00058         iorlw    h'30'          ; set unit numeric half digit
001C   00??           00059         movwf    w_num3         ; move ascii character to third output byte
001D                  00060 endconv
001D   0008           00061         return
                      00062 
                      00063         end
MPASM 03.80 Released                             CWBINASC.ASM   2-11-2005  15:17:56         PAGE  3
CW Decoding Program - binary to ASCII conversion
CWbinasc.asm $Revision: 1.2 $ $Date: 2005-02-03 09:06:54-05 $
SYMBOL TABLE
  LABEL                             VALUE 

ADEN                              00000003
BRGH                              00000002
C                                 00000000
C1INV                             00000004
C1OUT                             00000006
C2INV                             00000005
C2OUT                             00000007
CCP1CON                           00000017
CCP1IE                            00000002
CCP1IF                            00000002
CCP1M0                            00000000
CCP1M1                            00000001
CCP1M2                            00000002
CCP1M3                            00000003
CCP1X                             00000005
CCP1Y                             00000004
CCPR1H                            00000016
CCPR1L                            00000015
CIS                               00000003
CM0                               00000000
CM1                               00000001
CM2                               00000002
CMCON                             0000001F
CMIE                              00000006
CMIF                              00000006
CREN                              00000004
CSRC                              00000007
DC                                00000001
EEADR                             0000009B
EECON1                            0000009C
EECON2                            0000009D
EEDATA                            0000009A
EEIE                              00000007
EEIF                              00000007
F                                 00000001
FERR                              00000002
FSR                               00000004
GIE                               00000007
INDF                              00000000
INTCON                            0000000B
INTE                              00000004
INTEDG                            00000006
INTF                              00000001
IRP                               00000007
NOT_BO                            00000000
NOT_BOD                           00000000
NOT_BOR                           00000000
NOT_PD                            00000003
NOT_POR                           00000001
NOT_RBPU                          00000007
NOT_T1SYNC                        00000002
NOT_TO                            00000004
OERR                              00000001
MPASM 03.80 Released                             CWBINASC.ASM   2-11-2005  15:17:56         PAGE  4
CW Decoding Program - binary to ASCII conversion
CWbinasc.asm $Revision: 1.2 $ $Date: 2005-02-03 09:06:54-05 $
SYMBOL TABLE
  LABEL                             VALUE 

OPTION_REG                        00000081
OSCF                              00000003
PCL                               00000002
PCLATH                            0000000A
PCON                              0000008E
PEIE                              00000006
PIE1                              0000008C
PIR1                              0000000C
PORTA                             00000005
PORTB                             00000006
PR2                               00000092
PS0                               00000000
PS1                               00000001
PS2                               00000002
PSA                               00000003
RBIE                              00000003
RBIF                              00000000
RCIE                              00000005
RCIF                              00000005
RCREG                             0000001A
RCSTA                             00000018
RD                                00000000
RP0                               00000005
RP1                               00000006
RX9                               00000006
RX9D                              00000000
SPBRG                             00000099
SPEN                              00000007
SREN                              00000005
STATUS                            00000003
SYNC                              00000004
T0CS                              00000005
T0IE                              00000005
T0IF                              00000002
T0SE                              00000004
T1CKPS0                           00000004
T1CKPS1                           00000005
T1CON                             00000010
T1OSCEN                           00000003
T2CKPS0                           00000000
T2CKPS1                           00000001
T2CON                             00000012
TMR0                              00000001
TMR1CS                            00000001
TMR1H                             0000000F
TMR1IE                            00000000
TMR1IF                            00000000
TMR1L                             0000000E
TMR1ON                            00000000
TMR2                              00000011
TMR2IE                            00000001
TMR2IF                            00000001
TMR2ON                            00000002
MPASM 03.80 Released                             CWBINASC.ASM   2-11-2005  15:17:56         PAGE  5
CW Decoding Program - binary to ASCII conversion
CWbinasc.asm $Revision: 1.2 $ $Date: 2005-02-03 09:06:54-05 $
SYMBOL TABLE
  LABEL                             VALUE 

TOUTPS0                           00000003
TOUTPS1                           00000004
TOUTPS2                           00000005
TOUTPS3                           00000006
TRISA                             00000085
TRISB                             00000086
TRMT                              00000001
TX9                               00000006
TX9D                              00000000
TXEN                              00000005
TXIE                              00000004
TXIF                              00000004
TXREG                             00000019
TXSTA                             00000098
VR0                               00000000
VR1                               00000001
VR2                               00000002
VR3                               00000003
VRCON                             0000009F
VREN                              00000007
VROE                              00000006
VRR                               00000005
W                                 00000000
WR                                00000001
WREN                              00000002
WRERR                             00000003
Z                                 00000002
_BODEN_OFF                        00003FBF
_BODEN_ON                         00003FFF
_CP_50                            00002BFF
_CP_75                            000017FF
_CP_ALL                           000003FF
_CP_OFF                           00003FFF
_DATA_CP_OFF                      00003FFF
_DATA_CP_ON                       00003EFF
_ER_OSC_CLKOUT                    00003FFF
_ER_OSC_NOCLKOUT                  00003FFE
_EXTCLK_OSC                       00003FEF
_HS_OSC                           00003FEE
_INTRC_OSC_CLKOUT                 00003FFD
_INTRC_OSC_NOCLKOUT               00003FFC
_LP_OSC                           00003FEC
_LVP_OFF                          00003F7F
_LVP_ON                           00003FFF
_MCLRE_OFF                        00003FDF
_MCLRE_ON                         00003FFF
_PWRTE_OFF                        00003FFF
_PWRTE_ON                         00003FF7
_WDT_OFF                          00003FFB
_WDT_ON                           00003FFF
_XT_OSC                           00003FED
__16F628                          00000001
conve01                           00000004
MPASM 03.80 Released                             CWBINASC.ASM   2-11-2005  15:17:56         PAGE  6
CW Decoding Program - binary to ASCII conversion
CWbinasc.asm $Revision: 1.2 $ $Date: 2005-02-03 09:06:54-05 $
SYMBOL TABLE
  LABEL                             VALUE 

conve02                           00000009
conve10                           0000000B
conve11                           00000010
conve12                           00000015
conve20                           00000017
convert                           00000000
endconv                           0000001D
w_conv                            00000000
w_count                           00000000
w_num1                            00000000
w_num2                            00000000
w_num3                            00000000
w_num4                            00000000

Errors   :     0
Warnings :     0 reported,     0 suppressed
Messages :     0 reported,     0 suppressed

