MPASM 03.80 Released                              CWINTER.ASM   2-11-2005  15:17:48         PAGE  1


LOC  OBJECT CODE     LINE SOURCE TEXT
  VALUE

                      00001                 include         p16f628.inc
                      00001         LIST
                      00002 ; P16F628.INC  Standard Header File, Version 1.01    Microchip Technology, Inc.
                      00261         LIST
  0000                00002                 global          tmrint
  0000                00003                 global          timeon,timeoff,timchr1,timchr2
                      00004 
                      00005         udata
0000                  00006 save_w  res 1 ;  0x22           ;W register save area 
0001                  00007 save_s  res 1 ;  0x23           ;STATUS register save area 
0002                  00008 timeon  res 1 ;  0x12           ;ON signal duration 
0003                  00009 timeoff res 1 ;  0x13           ;OFF signal duration
0004                  00010 timchr1 res 1 ;  0x14           ;received characters timer1 (sec/10)    
0005                  00011 timchr2 res 1 ;  0x15           ;received characters timer2 (sec/100)   
                      00012 
                      00013 
                      00014 STARTUP code
                      00015 ;       Interrupt address
                      00016         org      h'0004'
0004   2???           00017 tmr     goto     tmrint 
                      00018 
                      00019         code
                      00020 ;       interrupt subroutine (only TIMER INTERRUPT)
0000                  00021 tmrint
0000   00??           00022         movwf   save_w          ; store W in save_w
0001   0E03           00023         swapf   STATUS,W        ; store STATUS in W
0002   00??           00024         movwf   save_s          ; store W in save_s
                      00025 
0003   0A??           00026         incf    timeon,F        ; ON timer increment
0004   0A??           00027         incf    timeoff,F       ; OFF timer increment
0005   0A??           00028         incf    timchr2,F       ; sec/100 timer increment 
0006   300A           00029         movlw   d'10'
0007   02??           00030         subwf   timchr2,W       ; verify if sec/100 timer > 9
0008   1C03           00031         btfss   STATUS,C
0009   2???           00032         goto    tmrint1
000A   01??           00033         clrf    timchr2         ; if an overflow occurred clear sec/100
000B   0A??           00034         incf    timchr1,F               ; and sec/10 timer increment 
000C                  00035 tmrint1
000C   3064           00036         movlw   d'100'          ; set initial TMR0 value to 100
000D   0081           00037         movwf   TMR0            ; 155 x 64 = 9.9 mS interrupt cycle
000E   110B           00038         bcf     INTCON,T0IF     ; reset interrupt bit
                      00039 
000F   0E??           00040         swapf   save_s,W        ;
0010   0083           00041         movwf   STATUS          ; restore STATUS register
0011   0E??           00042         swapf   save_w,F        ; 
0012   0E??           00043         swapf   save_w,W        ; restore W register
0013   0009           00044         retfie
                      00045         end
MPASM 03.80 Released                              CWINTER.ASM   2-11-2005  15:17:48         PAGE  2


SYMBOL TABLE
  LABEL                             VALUE 

ADEN                              00000003
BRGH                              00000002
C                                 00000000
C1INV                             00000004
C1OUT                             00000006
C2INV                             00000005
C2OUT                             00000007
CCP1CON                           00000017
CCP1IE                            00000002
CCP1IF                            00000002
CCP1M0                            00000000
CCP1M1                            00000001
CCP1M2                            00000002
CCP1M3                            00000003
CCP1X                             00000005
CCP1Y                             00000004
CCPR1H                            00000016
CCPR1L                            00000015
CIS                               00000003
CM0                               00000000
CM1                               00000001
CM2                               00000002
CMCON                             0000001F
CMIE                              00000006
CMIF                              00000006
CREN                              00000004
CSRC                              00000007
DC                                00000001
EEADR                             0000009B
EECON1                            0000009C
EECON2                            0000009D
EEDATA                            0000009A
EEIE                              00000007
EEIF                              00000007
F                                 00000001
FERR                              00000002
FSR                               00000004
GIE                               00000007
INDF                              00000000
INTCON                            0000000B
INTE                              00000004
INTEDG                            00000006
INTF                              00000001
IRP                               00000007
NOT_BO                            00000000
NOT_BOD                           00000000
NOT_BOR                           00000000
NOT_PD                            00000003
NOT_POR                           00000001
NOT_RBPU                          00000007
NOT_T1SYNC                        00000002
NOT_TO                            00000004
OERR                              00000001
MPASM 03.80 Released                              CWINTER.ASM   2-11-2005  15:17:48         PAGE  3


SYMBOL TABLE
  LABEL                             VALUE 

OPTION_REG                        00000081
OSCF                              00000003
PCL                               00000002
PCLATH                            0000000A
PCON                              0000008E
PEIE                              00000006
PIE1                              0000008C
PIR1                              0000000C
PORTA                             00000005
PORTB                             00000006
PR2                               00000092
PS0                               00000000
PS1                               00000001
PS2                               00000002
PSA                               00000003
RBIE                              00000003
RBIF                              00000000
RCIE                              00000005
RCIF                              00000005
RCREG                             0000001A
RCSTA                             00000018
RD                                00000000
RP0                               00000005
RP1                               00000006
RX9                               00000006
RX9D                              00000000
SPBRG                             00000099
SPEN                              00000007
SREN                              00000005
STATUS                            00000003
SYNC                              00000004
T0CS                              00000005
T0IE                              00000005
T0IF                              00000002
T0SE                              00000004
T1CKPS0                           00000004
T1CKPS1                           00000005
T1CON                             00000010
T1OSCEN                           00000003
T2CKPS0                           00000000
T2CKPS1                           00000001
T2CON                             00000012
TMR0                              00000001
TMR1CS                            00000001
TMR1H                             0000000F
TMR1IE                            00000000
TMR1IF                            00000000
TMR1L                             0000000E
TMR1ON                            00000000
TMR2                              00000011
TMR2IE                            00000001
TMR2IF                            00000001
TMR2ON                            00000002
MPASM 03.80 Released                              CWINTER.ASM   2-11-2005  15:17:48         PAGE  4


SYMBOL TABLE
  LABEL                             VALUE 

TOUTPS0                           00000003
TOUTPS1                           00000004
TOUTPS2                           00000005
TOUTPS3                           00000006
TRISA                             00000085
TRISB                             00000086
TRMT                              00000001
TX9                               00000006
TX9D                              00000000
TXEN                              00000005
TXIE                              00000004
TXIF                              00000004
TXREG                             00000019
TXSTA                             00000098
VR0                               00000000
VR1                               00000001
VR2                               00000002
VR3                               00000003
VRCON                             0000009F
VREN                              00000007
VROE                              00000006
VRR                               00000005
W                                 00000000
WR                                00000001
WREN                              00000002
WRERR                             00000003
Z                                 00000002
_BODEN_OFF                        00003FBF
_BODEN_ON                         00003FFF
_CP_50                            00002BFF
_CP_75                            000017FF
_CP_ALL                           000003FF
_CP_OFF                           00003FFF
_DATA_CP_OFF                      00003FFF
_DATA_CP_ON                       00003EFF
_ER_OSC_CLKOUT                    00003FFF
_ER_OSC_NOCLKOUT                  00003FFE
_EXTCLK_OSC                       00003FEF
_HS_OSC                           00003FEE
_INTRC_OSC_CLKOUT                 00003FFD
_INTRC_OSC_NOCLKOUT               00003FFC
_LP_OSC                           00003FEC
_LVP_OFF                          00003F7F
_LVP_ON                           00003FFF
_MCLRE_OFF                        00003FDF
_MCLRE_ON                         00003FFF
_PWRTE_OFF                        00003FFF
_PWRTE_ON                         00003FF7
_WDT_OFF                          00003FFB
_WDT_ON                           00003FFF
_XT_OSC                           00003FED
__16F628                          00000001
save_s                            00000001
MPASM 03.80 Released                              CWINTER.ASM   2-11-2005  15:17:48         PAGE  5


SYMBOL TABLE
  LABEL                             VALUE 

save_w                            00000000
timchr1                           00000004
timchr2                           00000005
timeoff                           00000003
timeon                            00000002
tmr                               00000004
tmrint                            00000000
tmrint1                           0000000C

Errors   :     0
Warnings :     0 reported,     0 suppressed
Messages :     0 reported,     0 suppressed

