MPASM 03.80 Released                             CWMULDIV.ASM   2-11-2005  15:17:54         PAGE  1


LOC  OBJECT CODE     LINE SOURCE TEXT
  VALUE

                      00001 ;       Multiply and divide routines
                      00002                 include         p16f628.inc
                      00001         LIST
                      00002 ; P16F628.INC  Standard Header File, Version 1.01    Microchip Technology, Inc.
                      00261         LIST
                      00003 
  0000                00004                 global          moltip,dividi
  0000                00005                 global          w_num1,w_num2,w_num3,w_num4,w_count
                      00006 
                      00007                 udata
0000                  00008 w_count res 1 ;  0x25           ; - hex to ascii conversion
0001                  00009 w_num1  res 1 ;  0x26           ; - multiply
0002                  00010 w_num2  res 1 ;  0x27           ; - divide
0003                  00011 w_num3  res 1 ;  0x28           ;
0004                  00012 w_num4  res 1 ;  0x29           ;
                      00013 
                      00014         code
                      00015 ;       Multiply routine between two 1 byte numbers
                      00016 ;
                      00017 ;       input :
                      00018 ;               multiplicand in w_num2
                      00019 ;               multiplyer in w_num3
                      00020 ;
                      00021 ;       output :
                      00022 ;               product in w_num1 + w_num2      
0000                  00023 moltip
                      00024 
0000   01??           00025         clrf     w_num1         ; clear first product digit
0001   08??           00026         movf     w_num2,W       ;
0002   00??           00027         movwf    w_count        ; save multiplicand in w_count
0003   03??           00028         decf     w_num3,F       ; 
0004                  00029 moltip1         
0004   0064           00030         clrwdt                  ; watchdog clear
0005   08??           00031         movf     w_count,W      ; sum multiplicand to the result
0006   07??           00032         addwf    w_num2,F       ; of the previous sum 
0007   1C03           00033         btfss    STATUS,C       ;
0008   2???           00034         goto     moltip2        ; if there is a carry increment the
0009   0A??           00035         incf     w_num1,F       ; first product digit
000A                  00036 moltip2
000A   0B??           00037         decfsz   w_num3,F       ; otherwise decrement multiplyer
000B   2???           00038         goto     moltip1        ; and re-cycle until zero       
000C                  00039 endmolt 
000C   0008           00040         return
                      00041 
                      00042 ;       Divide routine between a two bytes dividend 
                      00043 ;       and a 1 byte divisor 
                      00044 ;       Quotient must have only a digit
                      00045 ;
                      00046 ;       input :
                      00047 ;               dividend in w_num1 + w_num2
                      00048 ;               divisor in w_num3
                      00049 ;
                      00050 ;       output :
MPASM 03.80 Released                             CWMULDIV.ASM   2-11-2005  15:17:54         PAGE  2


LOC  OBJECT CODE     LINE SOURCE TEXT
  VALUE

                      00051 ;               quotient in w_num1
                      00052 ;               remainder in w_num2     
000D                  00053 dividi
000D   01??           00054         clrf     w_count        ; initial quotient clear
000E                  00055 dividi1                         ; 
000E   0064           00056         clrwdt                  ; watchdog clear                
000F   0A??           00057         incf     w_count,F      ; increment quotient at every re-cycle  
0010   08??           00058         movf     w_num3,W       ; subtract divisor from result obtained
0011   02??           00059         subwf    w_num2,F       ; by the previous subtraction
0012   1803           00060         btfsc    STATUS,C       ; if negative carry
0013   2???           00061         goto     dividi1        ; decrement fist dividend digit
0014   3001           00062         movlw    d'1'           ; 
0015   02??           00063         subwf    w_num1,F
0016   1803           00064         btfsc    STATUS,C       ; re-cycle until first digit 
0017   2???           00065         goto     dividi1        ; becomes negative and
0018   08??           00066         movf     w_num3,W       ; at end restore last 
0019   07??           00067         addwf    w_num2,F       ; subtraction, putting the remainder
001A   03??           00068         decf     w_count,F      ; in w_num2
001B   08??           00069         movf     w_count,W      ; then decrements quotient
001C   00??           00070         movwf    w_num1         ; and store it in w_num1
001D                  00071 enddiv
001D   0008           00072         return
                      00073 
                      00074         end
MPASM 03.80 Released                             CWMULDIV.ASM   2-11-2005  15:17:54         PAGE  3


SYMBOL TABLE
  LABEL                             VALUE 

ADEN                              00000003
BRGH                              00000002
C                                 00000000
C1INV                             00000004
C1OUT                             00000006
C2INV                             00000005
C2OUT                             00000007
CCP1CON                           00000017
CCP1IE                            00000002
CCP1IF                            00000002
CCP1M0                            00000000
CCP1M1                            00000001
CCP1M2                            00000002
CCP1M3                            00000003
CCP1X                             00000005
CCP1Y                             00000004
CCPR1H                            00000016
CCPR1L                            00000015
CIS                               00000003
CM0                               00000000
CM1                               00000001
CM2                               00000002
CMCON                             0000001F
CMIE                              00000006
CMIF                              00000006
CREN                              00000004
CSRC                              00000007
DC                                00000001
EEADR                             0000009B
EECON1                            0000009C
EECON2                            0000009D
EEDATA                            0000009A
EEIE                              00000007
EEIF                              00000007
F                                 00000001
FERR                              00000002
FSR                               00000004
GIE                               00000007
INDF                              00000000
INTCON                            0000000B
INTE                              00000004
INTEDG                            00000006
INTF                              00000001
IRP                               00000007
NOT_BO                            00000000
NOT_BOD                           00000000
NOT_BOR                           00000000
NOT_PD                            00000003
NOT_POR                           00000001
NOT_RBPU                          00000007
NOT_T1SYNC                        00000002
NOT_TO                            00000004
OERR                              00000001
MPASM 03.80 Released                             CWMULDIV.ASM   2-11-2005  15:17:54         PAGE  4


SYMBOL TABLE
  LABEL                             VALUE 

OPTION_REG                        00000081
OSCF                              00000003
PCL                               00000002
PCLATH                            0000000A
PCON                              0000008E
PEIE                              00000006
PIE1                              0000008C
PIR1                              0000000C
PORTA                             00000005
PORTB                             00000006
PR2                               00000092
PS0                               00000000
PS1                               00000001
PS2                               00000002
PSA                               00000003
RBIE                              00000003
RBIF                              00000000
RCIE                              00000005
RCIF                              00000005
RCREG                             0000001A
RCSTA                             00000018
RD                                00000000
RP0                               00000005
RP1                               00000006
RX9                               00000006
RX9D                              00000000
SPBRG                             00000099
SPEN                              00000007
SREN                              00000005
STATUS                            00000003
SYNC                              00000004
T0CS                              00000005
T0IE                              00000005
T0IF                              00000002
T0SE                              00000004
T1CKPS0                           00000004
T1CKPS1                           00000005
T1CON                             00000010
T1OSCEN                           00000003
T2CKPS0                           00000000
T2CKPS1                           00000001
T2CON                             00000012
TMR0                              00000001
TMR1CS                            00000001
TMR1H                             0000000F
TMR1IE                            00000000
TMR1IF                            00000000
TMR1L                             0000000E
TMR1ON                            00000000
TMR2                              00000011
TMR2IE                            00000001
TMR2IF                            00000001
TMR2ON                            00000002
MPASM 03.80 Released                             CWMULDIV.ASM   2-11-2005  15:17:54         PAGE  5


SYMBOL TABLE
  LABEL                             VALUE 

TOUTPS0                           00000003
TOUTPS1                           00000004
TOUTPS2                           00000005
TOUTPS3                           00000006
TRISA                             00000085
TRISB                             00000086
TRMT                              00000001
TX9                               00000006
TX9D                              00000000
TXEN                              00000005
TXIE                              00000004
TXIF                              00000004
TXREG                             00000019
TXSTA                             00000098
VR0                               00000000
VR1                               00000001
VR2                               00000002
VR3                               00000003
VRCON                             0000009F
VREN                              00000007
VROE                              00000006
VRR                               00000005
W                                 00000000
WR                                00000001
WREN                              00000002
WRERR                             00000003
Z                                 00000002
_BODEN_OFF                        00003FBF
_BODEN_ON                         00003FFF
_CP_50                            00002BFF
_CP_75                            000017FF
_CP_ALL                           000003FF
_CP_OFF                           00003FFF
_DATA_CP_OFF                      00003FFF
_DATA_CP_ON                       00003EFF
_ER_OSC_CLKOUT                    00003FFF
_ER_OSC_NOCLKOUT                  00003FFE
_EXTCLK_OSC                       00003FEF
_HS_OSC                           00003FEE
_INTRC_OSC_CLKOUT                 00003FFD
_INTRC_OSC_NOCLKOUT               00003FFC
_LP_OSC                           00003FEC
_LVP_OFF                          00003F7F
_LVP_ON                           00003FFF
_MCLRE_OFF                        00003FDF
_MCLRE_ON                         00003FFF
_PWRTE_OFF                        00003FFF
_PWRTE_ON                         00003FF7
_WDT_OFF                          00003FFB
_WDT_ON                           00003FFF
_XT_OSC                           00003FED
__16F628                          00000001
dividi                            0000000D
MPASM 03.80 Released                             CWMULDIV.ASM   2-11-2005  15:17:54         PAGE  6


SYMBOL TABLE
  LABEL                             VALUE 

dividi1                           0000000E
enddiv                            0000001D
endmolt                           0000000C
moltip                            00000000
moltip1                           00000004
moltip2                           0000000A
w_count                           00000000
w_num1                            00000001
w_num2                            00000002
w_num3                            00000003
w_num4                            00000004

Errors   :     0
Warnings :     0 reported,     0 suppressed
Messages :     0 reported,     0 suppressed

