MPASM 03.80 Released                             CWSHOSPD.ASM   2-11-2005  15:18:02         PAGE  1


LOC  OBJECT CODE     LINE SOURCE TEXT
  VALUE

                      00001 ;       Display CW speed
                      00002                 include         p16f628.inc
                      00001         LIST
                      00002 ; P16F628.INC  Standard Header File, Version 1.01    Microchip Technology, Inc.
                      00261         LIST
                      00003                 include         CWdefs.inc
                      00001 ;       Constants used by multiple routines
                      00002 
                      00003 ;       program constants definitions  
  00000000            00004 swon    equ      0x00
  00000001            00005 swoff   equ      0x01   
                      00006 
                      00007 ;       program settable parameters 
  00000008            00008 chrparm equ      0x08           ; chars number for speed calculation
  00000028            00009 rowparm equ      0x28           ; chars number on the LCD raw
  0000000F            00010 sgparm  equ      0x0f           ; dit/dashes number for param. refresh  
                      00011          
                      00012 ; port_a bits
  00000001            00013 bit_P0  equ     1
  00000002            00014 bit_P1  equ     2
  00000004            00015 bit_CW  equ     4
                      00016 ; port_b bits
  00000003            00017 bit_EN  equ     3
  00000001            00018 bit_RS  equ     1
                      00019 
                      00004 
  0000                00005                 global          displ
  0000                00006                 extern          wrtlcd,sendlcd,convert
  0000                00007                 extern          bytelcd
  0000                00008                 extern          w_num1,w_num2,w_num3,w_num4,w_count
  0000                00009                 extern          speed
                      00010 
                      00011                 code
                      00012 ;       Speed rate display routine  
                      00013 ;
                      00014 ;       input :         - speed in chars / minute 
                      00015 ;
                      00016 ;       output :        - display on LCD module  
                      00017 ;       
0000                  00018 displ
0000   3020           00019         movlw    " "            
0001   00??           00020         movwf    bytelcd
0002   300E           00021         movlw    0x0e           ; string length for display
0003   3C28           00022         sublw    rowparm        ; NN - string length
0004   00??           00023         movwf    w_count        ; set heading filler to spaces
0005                  00024 displ0
0005   2???           00025         call     wrtlcd
0006   0B??           00026         decfsz   w_count,F
0007   2???           00027         goto     displ0
0008   08??           00028         movf     speed,W        ; display "nnn"
0009   00??           00029         movwf    w_num4
000A   2???           00030         call     convert
000B   08??           00031         movf     w_num1,W
MPASM 03.80 Released                             CWSHOSPD.ASM   2-11-2005  15:18:02         PAGE  2


LOC  OBJECT CODE     LINE SOURCE TEXT
  VALUE

000C   390F           00032         andlw    h'0f'
000D   1D03           00033         btfss    STATUS,Z       ; if first digit zero set " "
000E   2???           00034         goto     displ1  
000F   3020           00035         movlw    " "
0010   00??           00036         movwf    w_num1
0011                  00037 displ1
0011   3003           00038         movlw    d'3'
0012   00??           00039         movwf    w_count 
0013   2???           00040         call     sendlcd
                      00041 
0014   3020           00042         movlw    " "            ; display " cha"
0015   00??           00043         movwf    w_num1
0016   3063           00044         movlw    "c"
0017   00??           00045         movwf    w_num2
0018   3068           00046         movlw    "h"
0019   00??           00047         movwf    w_num3
001A   3061           00048         movlw    "a"
001B   00??           00049         movwf    w_num4
001C   3004           00050         movlw    d'4'
001D   00??           00051         movwf    w_count 
001E   2???           00052         call     sendlcd
                      00053         
001F   3072           00054         movlw    "r"            ; display "r/mi"
0020   00??           00055         movwf    w_num1
0021   302F           00056         movlw    "/"
0022   00??           00057         movwf    w_num2
0023   306D           00058         movlw    "m"
0024   00??           00059         movwf    w_num3
0025   3069           00060         movlw    "i"
0026   00??           00061         movwf    w_num4
0027   3004           00062         movlw    d'4'
0028   00??           00063         movwf    w_count 
0029   2???           00064         call     sendlcd
                      00065 
002A   306E           00066         movlw    "n"            ; display "n  "
002B   00??           00067         movwf    w_num1
002C   3020           00068         movlw    " "
002D   00??           00069         movwf    w_num2
002E   3020           00070         movlw    " "
002F   00??           00071         movwf    w_num3
0030   3003           00072         movlw    d'3'
0031   00??           00073         movwf    w_count 
0032   2???           00074         call     sendlcd
0033   0008           00075         return
                      00076 
                      00077                 end
MPASM 03.80 Released                             CWSHOSPD.ASM   2-11-2005  15:18:02         PAGE  3


SYMBOL TABLE
  LABEL                             VALUE 

ADEN                              00000003
BRGH                              00000002
C                                 00000000
C1INV                             00000004
C1OUT                             00000006
C2INV                             00000005
C2OUT                             00000007
CCP1CON                           00000017
CCP1IE                            00000002
CCP1IF                            00000002
CCP1M0                            00000000
CCP1M1                            00000001
CCP1M2                            00000002
CCP1M3                            00000003
CCP1X                             00000005
CCP1Y                             00000004
CCPR1H                            00000016
CCPR1L                            00000015
CIS                               00000003
CM0                               00000000
CM1                               00000001
CM2                               00000002
CMCON                             0000001F
CMIE                              00000006
CMIF                              00000006
CREN                              00000004
CSRC                              00000007
DC                                00000001
EEADR                             0000009B
EECON1                            0000009C
EECON2                            0000009D
EEDATA                            0000009A
EEIE                              00000007
EEIF                              00000007
F                                 00000001
FERR                              00000002
FSR                               00000004
GIE                               00000007
INDF                              00000000
INTCON                            0000000B
INTE                              00000004
INTEDG                            00000006
INTF                              00000001
IRP                               00000007
NOT_BO                            00000000
NOT_BOD                           00000000
NOT_BOR                           00000000
NOT_PD                            00000003
NOT_POR                           00000001
NOT_RBPU                          00000007
NOT_T1SYNC                        00000002
NOT_TO                            00000004
OERR                              00000001
MPASM 03.80 Released                             CWSHOSPD.ASM   2-11-2005  15:18:02         PAGE  4


SYMBOL TABLE
  LABEL                             VALUE 

OPTION_REG                        00000081
OSCF                              00000003
PCL                               00000002
PCLATH                            0000000A
PCON                              0000008E
PEIE                              00000006
PIE1                              0000008C
PIR1                              0000000C
PORTA                             00000005
PORTB                             00000006
PR2                               00000092
PS0                               00000000
PS1                               00000001
PS2                               00000002
PSA                               00000003
RBIE                              00000003
RBIF                              00000000
RCIE                              00000005
RCIF                              00000005
RCREG                             0000001A
RCSTA                             00000018
RD                                00000000
RP0                               00000005
RP1                               00000006
RX9                               00000006
RX9D                              00000000
SPBRG                             00000099
SPEN                              00000007
SREN                              00000005
STATUS                            00000003
SYNC                              00000004
T0CS                              00000005
T0IE                              00000005
T0IF                              00000002
T0SE                              00000004
T1CKPS0                           00000004
T1CKPS1                           00000005
T1CON                             00000010
T1OSCEN                           00000003
T2CKPS0                           00000000
T2CKPS1                           00000001
T2CON                             00000012
TMR0                              00000001
TMR1CS                            00000001
TMR1H                             0000000F
TMR1IE                            00000000
TMR1IF                            00000000
TMR1L                             0000000E
TMR1ON                            00000000
TMR2                              00000011
TMR2IE                            00000001
TMR2IF                            00000001
TMR2ON                            00000002
MPASM 03.80 Released                             CWSHOSPD.ASM   2-11-2005  15:18:02         PAGE  5


SYMBOL TABLE
  LABEL                             VALUE 

TOUTPS0                           00000003
TOUTPS1                           00000004
TOUTPS2                           00000005
TOUTPS3                           00000006
TRISA                             00000085
TRISB                             00000086
TRMT                              00000001
TX9                               00000006
TX9D                              00000000
TXEN                              00000005
TXIE                              00000004
TXIF                              00000004
TXREG                             00000019
TXSTA                             00000098
VR0                               00000000
VR1                               00000001
VR2                               00000002
VR3                               00000003
VRCON                             0000009F
VREN                              00000007
VROE                              00000006
VRR                               00000005
W                                 00000000
WR                                00000001
WREN                              00000002
WRERR                             00000003
Z                                 00000002
_BODEN_OFF                        00003FBF
_BODEN_ON                         00003FFF
_CP_50                            00002BFF
_CP_75                            000017FF
_CP_ALL                           000003FF
_CP_OFF                           00003FFF
_DATA_CP_OFF                      00003FFF
_DATA_CP_ON                       00003EFF
_ER_OSC_CLKOUT                    00003FFF
_ER_OSC_NOCLKOUT                  00003FFE
_EXTCLK_OSC                       00003FEF
_HS_OSC                           00003FEE
_INTRC_OSC_CLKOUT                 00003FFD
_INTRC_OSC_NOCLKOUT               00003FFC
_LP_OSC                           00003FEC
_LVP_OFF                          00003F7F
_LVP_ON                           00003FFF
_MCLRE_OFF                        00003FDF
_MCLRE_ON                         00003FFF
_PWRTE_OFF                        00003FFF
_PWRTE_ON                         00003FF7
_WDT_OFF                          00003FFB
_WDT_ON                           00003FFF
_XT_OSC                           00003FED
__16F628                          00000001
bit_CW                            00000004
MPASM 03.80 Released                             CWSHOSPD.ASM   2-11-2005  15:18:02         PAGE  6


SYMBOL TABLE
  LABEL                             VALUE 

bit_EN                            00000003
bit_P0                            00000001
bit_P1                            00000002
bit_RS                            00000001
bytelcd                           00000000
chrparm                           00000008
convert                           00000000
displ                             00000000
displ0                            00000005
displ1                            00000011
rowparm                           00000028
sendlcd                           00000000
sgparm                            0000000F
speed                             00000000
swoff                             00000001
swon                              00000000
w_count                           00000000
w_num1                            00000000
w_num2                            00000000
w_num3                            00000000
w_num4                            00000000
wrtlcd                            00000000

Errors   :     0
Warnings :     0 reported,     0 suppressed
Messages :     0 reported,     0 suppressed

